Script started on 2019-10-17 11:43:57-04:00 [TERM="xterm-256color" TTY="/dev/pts/0" COLUMNS="80" LINES="24"]
yjun1@g7-33:/import/linux/home1/yjun1/git-repos/cs220/labs/lab9/files$ ls
hello.c  lab9.log  Makefile  mystery.o
yjun1@g7-33:/import/linux/home1/yjun1/git-repos/cs220/labs/lab9/files$ make
cc -g -Wall  -std=c11    hello.c   -o hello
cc -g -Wall  -std=c11 -S hello.c
yjun1@g7-33:/import/linux/home1/yjun1/git-repos/cs220/labs/lab9/files$ ./hello
usage: ./hello NAME...
yjun1@g7-33:/import/linux/home1/yjun1/git-repos/cs220/labs/lab9/files$ size hell o
   text	   data	    bss	    dec	    hex	filename
   1874	    592	     48	   2514	    9d2	hello
yjun1@g7-33:/import/linux/home1/yjun1/git-repos/cs220/labs/lab9/files$ size -A h ello
hello  :
section              size    addr
.interp                28     680
.note.ABI-tag          32     708
.note.gnu.build-id     36     740
.gnu.hash              48     776
.dynsym               240     824
.dynstr               152    1064
.gnu.version           20    1216
.gnu.version_r         32    1240
.rela.dyn             240    1272
.rela.plt              48    1512
.init                  23    4096
.plt                   48    4128
.plt.got                8    4176
.text                 513    4192
.fini                   9    4708
.rodata                33    8192
.eh_frame_hdr          68    8228
.eh_frame             296    8296
.init_array             8   15848
.fini_array             8   15856
.dynamic              480   15864
.got                   40   16344
.got.plt               40   16384
.data                  16   16424
.bss                   48   16448
.comment               28       0
.debug_aranges         48       0
.debug_info           860       0
.debug_abbrev         287       0
.debug_line           308       0
.debug_str            613       0
Total                4658


yjun1@g7-33:/import/linux/home1/yjun1/git-repos/cs220/labs/lab9/files$ objdump - d hello > hello.objdump
yjun1@g7-33:/import/linux/home1/yjun1/git-repos/cs220/labs/lab9/files$ emacs hel lo.objdump

** (emacs:30185): [1;33mWARNING[0m **: [34m11:46:58.438[0m: AT-SPI: Could not obtain desktop path or name


** (emacs:30185): [1;33mWARNING[0m **: [34m11:46:58.499[0m: atk-bridge: get_device_events_reply: unknown signature

** (emacs:30185): [1;33mWARNING[0m **: [34m11:46:58.499[0m: atk-bridge: get_device_events_reply: unknown signature

** (emacs:30185): [1;33mWARNING[0m **: [34m11:46:58.499[0m: atk-bridge: GetRegisteredEvents returned message with unknown signature

** (emacs:30185): [1;33mWARNING[0m **: [34m11:46:58.542[0m: AT-SPI: Could not obtain desktop path or name


** (emacs:30185): [1;33mWARNING[0m **: [34m11:46:58.563[0m: AT-SPI: Could not obtain desktop path or name


** (emacs:30185): [1;33mWARNING[0m **: [34m11:46:58.596[0m: AT-SPI: Could not obtain desktop path or name


** (emacs:30185): [1;33mWARNING[0m **: [34m11:46:58.675[0m: AT-SPI: Could not obtain desktop path or name


** (emacs:30185): [1;33mWARNING[0m **: [34m11:46:58.755[0m: AT-SPI: Could not obtain desktop path or name


** (emacs:30185): [1;33mWARNING[0m **: [34m11:46:58.800[0m: AT-SPI: Could not obtain desktop path or name


** (emacs:30185): [1;33mWARNING[0m **: [34m11:46:58.904[0m: AT-SPI: Could not obtain desktop path or name


** (emacs:30185): [1;33mWARNING[0m **: [34m11:46:58.904[0m: AT-SPI: Could not obtain desktop path or name


** (emacs:30185): [1;33mWARNING[0m **: [34m11:46:59.042[0m: AT-SPI: Could not obtain desktop path or name


** (emacs:30185): [1;33mWARNING[0m **: [34m11:46:59.061[0m: AT-SPI: Could not obtain desktop path or name


** (emacs:30185): [1;33mWARNING[0m **: [34m11:46:59.287[0m: AT-SPI: Could not obtain desktop path or name


** (emacs:30185): [1;33mWARNING[0m **: [34m11:46:59.308[0m: AT-SPI: Could not obtain desktop path or name


** (emacs:30185): [1;33mWARNING[0m **: [34m11:46:59.991[0m: AT-SPI: Could not obtain desktop path or name


** (emacs:30185): [1;33mWARNING[0m **: [34m11:47:00.066[0m: AT-SPI: Could not obtain desktop path or name


** (emacs:30185): [1;33mWARNING[0m **: [34m11:47:00.172[0m: AT-SPI: Could not obtain desktop path or name


** (emacs:30185): [1;33mWARNING[0m **: [34m11:47:00.202[0m: AT-SPI: Could not obtain desktop path or name


** (emacs:30185): [1;33mWARNING[0m **: [34m11:47:00.202[0m: AT-SPI: Could not obtain desktop path or name

yjun1@g7-33:/import/linux/home1/yjun1/git-repos/cs220/labs/lab9/files$ objdump = [A[C[C[C[C[C[C[C[C[C[C[C[C[C[C[C[C[C[C[C[C[C[C[C[C[C[C[C[C[C[C[C[C[C[C[C[C[C[C[C[C[C[C[C[C[C[C[C[C[C[C[C[C[C[C[C[C[C[C[C[C[C[C[C[C[C[C[C[C[C[C[C[C[C[C[C[C[C[C[C[K
[K[A[C[C[C[C[C[C[C[C[C[C[C[C[C[C[C[C[C[C[C[C[C[C[C[C[C[C[C[C[C[C[C[C[C[C[C[C[C[C[C[C[C[C[C[C[C[C[C[C[C[C[C[C[C[C[C[C[C[C[C[C[C[C[C[C[C[C[C[C[C[C[C[C[C[C[C[C[C[C[C- d -s -x hello > hello.objdump
yjun1@g7-33:/import/linux/home1/yjun1/git-repos/cs220/labs/lab9/files$ emacs hel lo[K[K[A[C[C[C[C[C[C[C[C[C[C[C[C[C[C[C[C[C[C[C[C[C[C[C[C[C[C[C[C[C[C[C[C[C[C[C[C[C[C[C[C[C[C[C[C[C[C[C[C[C[C[C[C[C[C[C[C[C[C[C[C[C[C[C[C[C[C[C[C[C[C[C[C[C[C[C[C[C[C[C[K
[K[A[C[C[C[C[C[C[C[C[C[C[C[C[C[C[C[C[C[C[C[C[C[C[C[C[C[C[C[C[C[C[C[C[C[C[C[C[C[C[C[C[C[C[C[C[C[C[C[C[C[C[C[C[C[C[C[C[C[C[C[C[C[C[C[C[C[C[C[C[C[C[C[C[C[C[C[C[C[C[C[K[K[K[K[K[K[K[Kobjdump -d -s -x hello > hello.objdump[A[C[C[C[C[C[C[C[C[C[C[C[C[C[C[C[C[C[C[C[C[C[C[C[C[C[C[C[C[C[C[C[C[C[C[C[C[C[C[C[C[C[Cemacs hello.objdump[K

** (emacs:30471): [1;33mWARNING[0m **: [34m11:49:06.979[0m: AT-SPI: Could not obtain desktop path or name


** (emacs:30471): [1;33mWARNING[0m **: [34m11:49:07.055[0m: atk-bridge: get_device_events_reply: unknown signature

** (emacs:30471): [1;33mWARNING[0m **: [34m11:49:07.055[0m: atk-bridge: get_device_events_reply: unknown signature

** (emacs:30471): [1;33mWARNING[0m **: [34m11:49:07.056[0m: atk-bridge: GetRegisteredEvents returned message with unknown signature

** (emacs:30471): [1;33mWARNING[0m **: [34m11:49:07.078[0m: AT-SPI: Could not obtain desktop path or name


** (emacs:30471): [1;33mWARNING[0m **: [34m11:49:07.091[0m: AT-SPI: Could not obtain desktop path or name


** (emacs:30471): [1;33mWARNING[0m **: [34m11:49:07.135[0m: AT-SPI: Could not obtain desktop path or name


** (emacs:30471): [1;33mWARNING[0m **: [34m11:49:07.225[0m: AT-SPI: Could not obtain desktop path or name


** (emacs:30471): [1;33mWARNING[0m **: [34m11:49:07.306[0m: AT-SPI: Could not obtain desktop path or name


** (emacs:30471): [1;33mWARNING[0m **: [34m11:49:07.415[0m: AT-SPI: Could not obtain desktop path or name


** (emacs:30471): [1;33mWARNING[0m **: [34m11:49:07.415[0m: AT-SPI: Could not obtain desktop path or name


** (emacs:30471): [1;33mWARNING[0m **: [34m11:49:07.517[0m: AT-SPI: Could not obtain desktop path or name


** (emacs:30471): [1;33mWARNING[0m **: [34m11:49:07.517[0m: AT-SPI: Could not obtain desktop path or name


** (emacs:30471): [1;33mWARNING[0m **: [34m11:49:07.517[0m: AT-SPI: Could not obtain desktop path or name


** (emacs:30471): [1;33mWARNING[0m **: [34m11:49:07.517[0m: AT-SPI: Could not obtain desktop path or name


** (emacs:30471): [1;33mWARNING[0m **: [34m11:49:07.517[0m: AT-SPI: Could not obtain desktop path or name


** (emacs:30471): [1;33mWARNING[0m **: [34m11:49:07.675[0m: AT-SPI: Could not obtain desktop path or name


** (emacs:30471): [1;33mWARNING[0m **: [34m11:49:07.692[0m: AT-SPI: Could not obtain desktop path or name


** (emacs:30471): [1;33mWARNING[0m **: [34m11:49:07.911[0m: AT-SPI: Could not obtain desktop path or name


** (emacs:30471): [1;33mWARNING[0m **: [34m11:49:07.931[0m: AT-SPI: Could not obtain desktop path or name


** (emacs:30471): [1;33mWARNING[0m **: [34m11:49:08.044[0m: AT-SPI: Could not obtain desktop path or name


** (emacs:30471): [1;33mWARNING[0m **: [34m11:49:08.102[0m: AT-SPI: Could not obtain desktop path or name


** (emacs:30471): [1;33mWARNING[0m **: [34m11:49:08.208[0m: AT-SPI: Could not obtain desktop path or name


** (emacs:30471): [1;33mWARNING[0m **: [34m11:49:08.240[0m: AT-SPI: Could not obtain desktop path or name


** (emacs:30471): [1;33mWARNING[0m **: [34m11:49:08.265[0m: AT-SPI: Could not obtain desktop path or name


** (emacs:30471): [1;33mWARNING[0m **: [34m11:49:08.280[0m: AT-SPI: Could not obtain desktop path or name


** (emacs:30471): [1;33mWARNING[0m **: [34m11:49:08.281[0m: AT-SPI: Could not obtain desktop path or name

yjun1@g7-33:/import/linux/home1/yjun1/git-repos/cs220/labs/lab9/files$ objdump - d hello | grep -A40 main,:
yjun1@g7-33:/import/linux/home1/yjun1/git-repos/cs220/labs/lab9/files$ objdump -d hello | grep -A40 main,:[C.:[1P.:[C
0000000000001174 <main>:
    1174:	55                   	push   %rbp
    1175:	48 89 e5             	mov    %rsp,%rbp
    1178:	48 83 ec 20          	sub    $0x20,%rsp
    117c:	89 7d ec             	mov    %edi,-0x14(%rbp)
    117f:	48 89 75 e0          	mov    %rsi,-0x20(%rbp)
    1183:	83 7d ec 01          	cmpl   $0x1,-0x14(%rbp)
    1187:	75 2c                	jne    11b5 <main+0x41>
    1189:	48 8b 45 e0          	mov    -0x20(%rbp),%rax
    118d:	48 8b 10             	mov    (%rax),%rdx
    1190:	48 8b 05 c9 2e 00 00 	mov    0x2ec9(%rip),%rax        # 4060 <stderr@@GLIBC_2.2.5>
    1197:	48 8d 35 70 0e 00 00 	lea    0xe70(%rip),%rsi        # 200e <_IO_stdin_used+0xe>
    119e:	48 89 c7             	mov    %rax,%rdi
    11a1:	b8 00 00 00 00       	mov    $0x0,%eax
    11a6:	e8 85 fe ff ff       	callq  1030 <fprintf@plt>
    11ab:	bf ef be ad de       	mov    $0xdeadbeef,%edi
    11b0:	e8 8b fe ff ff       	callq  1040 <exit@plt>
    11b5:	c7 45 fc 01 00 00 00 	movl   $0x1,-0x4(%rbp)
    11bc:	eb 2d                	jmp    11eb <main+0x77>
    11be:	8b 45 fc             	mov    -0x4(%rbp),%eax
    11c1:	48 98                	cltq   
    11c3:	48 8d 14 c5 00 00 00 	lea    0x0(,%rax,8),%rdx
    11ca:	00 
    11cb:	48 8b 45 e0          	mov    -0x20(%rbp),%rax
    11cf:	48 01 d0             	add    %rdx,%rax
    11d2:	48 8b 10             	mov    (%rax),%rdx
    11d5:	48 8b 05 64 2e 00 00 	mov    0x2e64(%rip),%rax        # 4040 <stdout@@GLIBC_2.2.5>
    11dc:	48 89 d6             	mov    %rdx,%rsi
    11df:	48 89 c7             	mov    %rax,%rdi
    11e2:	e8 5e ff ff ff       	callq  1145 <hello>
    11e7:	83 45 fc 01          	addl   $0x1,-0x4(%rbp)
    11eb:	8b 45 fc             	mov    -0x4(%rbp),%eax
    11ee:	3b 45 ec             	cmp    -0x14(%rbp),%eax
    11f1:	7c cb                	jl     11be <main+0x4a>
    11f3:	b8 00 00 00 00       	mov    $0x0,%eax
    11f8:	c9                   	leaveq 
    11f9:	c3                   	retq   
    11fa:	66 0f 1f 44 00 00    	nopw   0x0(%rax,%rax,1)

0000000000001200 <__libc_csu_init>:
    1200:	41 57                	push   %r15
yjun1@g7-33:/import/linux/home1/yjun1/git-repos/cs220/labs/lab9/files$ ls -l hel lo
-rwxr-xr-x 1 yjun1 yjun1 19392 Oct 17 11:44 hello
yjun1@g7-33:/import/linux/home1/yjun1/git-repos/cs220/labs/lab9/files$ strip hel lo[K[K[A[C[C[C[C[C[C[C[C[C[C[C[C[C[C[C[C[C[C[C[C[C[C[C[C[C[C[C[C[C[C[C[C[C[C[C[C[C[C[C[C[C[C[C[C[C[C[C[C[C[C[C[C[C[C[C[C[C[C[C[C[C[C[C[C[C[C[C[C[C[C[C[C[C[C[C[C[C[C[C[K
[K[A[C[C[C[C[C[C[C[C[C[C[C[C[C[C[C[C[C[C[C[C[C[C[C[C[C[C[C[C[C[C[C[C[C[C[C[C[C[C[C[C[C[C[C[C[C[C[C[C[C[C[C[C[C[C[C[C[C[C[C[C[C[C[C[C[C[C[C[C[C[C[C[C[C[C[C[C[C[C[C[K[Khel lo
yjun1@g7-33:/import/linux/home1/yjun1/git-repos/cs220/labs/lab9/files$ ls -l hel lo
-rwxr-xr-x 1 yjun1 yjun1 14416 Oct 17 11:50 hello
yjun1@g7-33:/import/linux/home1/yjun1/git-repos/cs220/labs/lab9/files$ mk[Kake clea n
rm -f hello hello.s *.objdump *~
yjun1@g7-33:/import/linux/home1/yjun1/git-repos/cs220/labs/lab9/files$ ls
hello.c  lab9.log  Makefile  mystery.o
yjun1@g7-33:/import/linux/home1/yjun1/git-repos/cs220/labs/lab9/files$ objdump - d mys[K[K[K[K[K[A[C[C[C[C[C[C[C[C[C[C[C[C[C[C[C[C[C[C[C[C[C[C[C[C[C[C[C[C[C[C[C[C[C[C[C[C[C[C[C[C[C[C[C[C[C[C[C[C[C[C[C[C[C[C[C[C[C[C[C[C[C[C[C[C[C[C[C[C[C[C[C[C[C[C[C[C[C[C[C[K
[K[A[C[C[C[C[C[C[C[C[C[C[C[C[C[C[C[C[C[C[C[C[C[C[C[C[C[C[C[C[C[C[C[C[C[C[C[C[C[C[C[C[C[C[C[C[C[C[C[C[C[C[C[C[C[C[C[C[C[C[C[C[C[C[C[C[C[C[C[C[C[C[C[C[C[C[C[C[C[C[C[K[K[K[K[K[K[K[Kobu[Kjdump - d mysterio[K[Ky.o > [K[K[K 

mystery.o:     file format elf64-x86-64


Disassembly of section .text:

0000000000000000 <mystery>:
   0:	55                   	push   %rbp
   1:	48 89 e5             	mov    %rsp,%rbp
   4:	89 7d fc             	mov    %edi,-0x4(%rbp)
   7:	8b 45 fc             	mov    -0x4(%rbp),%eax
   a:	25 ff ff 7f 00       	and    $0x7fffff,%eax
   f:	c9                   	leaveq 
  10:	c3                   	retq   
yjun1@g7-33:/import/linux/home1/yjun1/git-repos/cs220/labs/lab9/files$ naje[K[K[K[Kmake
cc -g -Wall  -std=c11    hello.c   -o hello
cc -g -Wall  -std=c11 -S hello.c
yjun1@g7-33:/import/linux/home1/yjun1/git-repos/cs220/labs/lab9/files$ gdb hello [A[C[C[C[C[C[C[C[C[C[C[C[C[C[C[C[C[C[C[C[C[C[C[C[C[C[C[C[C[C[C[C[C[C[C[C[C[C[C[C[C[C[C[C[C[C[C[C[C[C[C[C[C[C[C[C[C[C[C[C[C[C[C[C[C[C[C[C[C[C[C[C[C[C[C[C[C[C[C[C[Ko
GNU gdb (Debian 8.2.1-2) 8.2.1
Copyright (C) 2018 Free Software Foundation, Inc.
License GPLv3+: GNU GPL version 3 or later <http://gnu.org/licenses/gpl.html>
This is free software: you are free to change and redistribute it.
There is NO WARRANTY, to the extent permitted by law.
Type "show copying" and "show warranty" for details.
This GDB was configured as "x86_64-linux-gnu".
Type "show configuration" for configuration details.
For bug reporting instructions, please see:
<http://www.gnu.org/software/gdb/bugs/>.
Find the GDB manual and other documentation resources online at:
    <http://www.gnu.org/software/gdb/documentation/>.

For help, type "help".
Type "apropos word" to search for commands related to "word"...
Reading symbols from hello...done.
(gdb) b main
Breakpoint 1 at 0x1183: file hello.c, line 16.
(gdb) r
Starting program: /import/linux/home1/yjun1/git-repos/cs220/labs/lab9/files/hello 

Breakpoint 1, main (argc=1, argv=0x7fffffffe788) at hello.c:16
16	  if (argc == 1) {
(gdb) disas /m
Dump of assembler code for function main:
15	{
   0x0000555555555174 <+0>:	push   %rbp
   0x0000555555555175 <+1>:	mov    %rsp,%rbp
   0x0000555555555178 <+4>:	sub    $0x20,%rsp
   0x000055555555517c <+8>:	mov    %edi,-0x14(%rbp)
   0x000055555555517f <+11>:	mov    %rsi,-0x20(%rbp)

16	  if (argc == 1) {
=> 0x0000555555555183 <+15>:	cmpl   $0x1,-0x14(%rbp)
   0x0000555555555187 <+19>:	jne    0x5555555551b5 <main+65>

17	    fprintf(stderr, "usage: %s NAME...\n", argv[0]);
   0x0000555555555189 <+21>:	mov    -0x20(%rbp),%rax
   0x000055555555518d <+25>:	mov    (%rax),%rdx
   0x0000555555555190 <+28>:	mov    0x2ec9(%rip),%rax        # 0x555555558060 <stderr@@GLIBC_2.2.5>
   0x0000555555555197 <+35>:	lea    0xe70(%rip),%rsi        # 0x55555555600e
   0x000055555555519e <+42>:	mov    %rax,%rdi
   0x00005555555551a1 <+45>:	mov    $0x0,%eax
   0x00005555555551a6 <+50>:	callq  0x555555555030 <fprintf@plt>

18	    exit(0xdeadbeef);
--Type <RET> for more, q to quit, c to continue without paging--i reg
   0x00005555555551ab <+55>:	mov    $0xdeadbeef,%edi
   0x00005555555551b0 <+60>:	callq  0x555555555040 <exit@plt>

19	  }
20	  for (int i = 1; i < argc; i++) {
   0x00005555555551b5 <+65>:	movl   $0x1,-0x4(%rbp)
   0x00005555555551bc <+72>:	jmp    0x5555555551eb <main+119>
   0x00005555555551e7 <+115>:	addl   $0x1,-0x4(%rbp)
   0x00005555555551eb <+119>:	mov    -0x4(%rbp),%eax
   0x00005555555551ee <+122>:	cmp    -0x14(%rbp),%eax
   0x00005555555551f1 <+125>:	jl     0x5555555551be <main+74>

21	    hello(stdout, argv[i]);
   0x00005555555551be <+74>:	mov    -0x4(%rbp),%eax
   0x00005555555551c1 <+77>:	cltq   
   0x00005555555551c3 <+79>:	lea    0x0(,%rax,8),%rdx
   0x00005555555551cb <+87>:	mov    -0x20(%rbp),%rax
   0x00005555555551cf <+91>:	add    %rdx,%rax
   0x00005555555551d2 <+94>:	mov    (%rax),%rdx
   0x00005555555551d5 <+97>:	mov    0x2e64(%rip),%rax        # 0x555555558040 <stdout@@GLIBC_2.2.5>
   0x00005555555551dc <+104>:	mov    %rdx,%rsi
   0x00005555555551df <+107>:	mov    %rax,%rdi
--Type <RET> for more, q to quit, c to continue without paging--p argc
   0x00005555555551e2 <+110>:	callq  0x555555555145 <hello>

22	  }
23	  return 0;
   0x00005555555551f3 <+127>:	mov    $0x0,%eax

24	}
   0x00005555555551f8 <+132>:	leaveq 
   0x00005555555551f9 <+133>:	retq   

End of assembler dump.
(gdb) prg[K[K argc
$1 = 1
(gdb) rbp -20
Undefined command: "rbp".  Try "help".
(gdb) rbp -20[K[K[K- 20
Undefined command: "rbp".  Try "help".
(gdb) p *($rbp - 20)
Attempt to dereference a generic pointer.
(gdb) p * (int *)($rbp - 20)
$2 = 1
(gdb) p argc[Kv
$3 = (const char **) 0x7fffffffe788
(gdb) p * (const char ***)($rbp - 32)
$4 = (const char **) 0x7fffffffe788
(gdb) p argv[0]
$5 = 0x7fffffffea65 "/import/linux/home1/yjun1/git-repos/cs220/labs/lab9/files/hello"
(gdb) p (*(const char ***)(r[K$rbip[K[Kp - 0x20))[0]
$6 = 0x7fffffffea65 "/import/linux/home1/yjun1/git-repos/cs220/labs/lab9/files/hello"
(gdb) display /i *&[K$pc
1: x/i *$pc
=> 0x555555555183 <main+15>:	cmpl   $0x1,-0x14(%rbp)
(gdb) p $eff[Klags
$7 = [ IF ]
(gdb) nexti[K[K[K[K[Kni
0x0000555555555187	16	  if (argc == 1) {
1: x/i *$pc
=> 0x555555555187 <main+19>:	jne    0x5555555551b5 <main+65>
(gdb) p $eflags
$8 = [ PF ZF IF ]
(gdb) ni
17	    fprintf(stderr, "usage: %s NAME...\n", argv[0]);
1: x/i *$pc
=> 0x555555555189 <main+21>:	mov    -0x20(%rbp),%rax
(gdb) ni
0x000055555555518d	17	    fprintf(stderr, "usage: %s NAME...\n", argv[0]);
1: x/i *$pc
=> 0x55555555518d <main+25>:	mov    (%rax),%rdx
(gdb) ni
0x0000555555555190	17	    fprintf(stderr, "usage: %s NAME...\n", argv[0]);
1: x/i *$pc
=> 0x555555555190 <main+28>:	
    mov    0x2ec9(%rip),%rax        # 0x555555558060 <stderr@@GLIBC_2.2.5>
(gdb) ni
0x0000555555555197	17	    fprintf(stderr, "usage: %s NAME...\n", argv[0]);
1: x/i *$pc
=> 0x555555555197 <main+35>:	lea    0xe70(%rip),%rsi        # 0x55555555600e
(gdb) ni
0x000055555555519e	17	    fprintf(stderr, "usage: %s NAME...\n", argv[0]);
1: x/i *$pc
=> 0x55555555519e <main+42>:	mov    %rax,%rdi
(gdb) ni
0x00005555555551a1	17	    fprintf(stderr, "usage: %s NAME...\n", argv[0]);
1: x/i *$pc
=> 0x5555555551a1 <main+45>:	mov    $0x0,%eax
(gdb) ni
0x00005555555551a6	17	    fprintf(stderr, "usage: %s NAME...\n", argv[0]);
1: x/i *$pc
=> 0x5555555551a6 <main+50>:	callq  0x555555555030 <fprintf@plt>
(gdb) ni
usage: /import/linux/home1/yjun1/git-repos/cs220/labs/lab9/files/hello NAME...
18	    exit(0xdeadbeef);
1: x/i *$pc
=> 0x5555555551ab <main+55>:	mov    $0xdeadbeef,%edi
(gdb) ni[K
0x00005555555551b0	18	    exit(0xdeadbeef);
1: x/i *$pc
=> 0x5555555551b0 <main+60>:	callq  0x555555555040 <exit@plt>
(gdb) 
[Inferior 1 (process 31567) exited with code 0357]
(gdb) 
The program is not being run.
(gdb) 
The program is not being run.
(gdb) q
yjun1@g7-33:/import/linux/home1/yjun1/git-repos/cs220/labs/lab9/files$ gdb hello [A[C[C[C[C[C[C[C[C[C[C[C[C[C[C[C[C[C[C[C[C[C[C[C[C[C[C[C[C[C[C[C[C[C[C[C[C[C[C[C[C[C[C[C[C[C[C[C[C[C[C[C[C[C[C[C[C[C[C[C[C[C[C[C[C[C[C[C[C[C[C[C[C[C[C[C[C[C[C[C[Ko
GNU gdb (Debian 8.2.1-2) 8.2.1
Copyright (C) 2018 Free Software Foundation, Inc.
License GPLv3+: GNU GPL version 3 or later <http://gnu.org/licenses/gpl.html>
This is free software: you are free to change and redistribute it.
There is NO WARRANTY, to the extent permitted by law.
Type "show copying" and "show warranty" for details.
This GDB was configured as "x86_64-linux-gnu".
Type "show configuration" for configuration details.
For bug reporting instructions, please see:
<http://www.gnu.org/software/gdb/bugs/>.
Find the GDB manual and other documentation resources online at:
    <http://www.gnu.org/software/gdb/documentation/>.

For help, type "help".
Type "apropos word" to search for commands related to "word"...
Reading symbols from hello...done.
(gdb) b hello()
Function "hello()" not defined.
Make breakpoint pending on future shared library load? (y or [n]) be h[K[K[K[Kn
(gdb) b h[Khello
Breakpoint 1 at 0x1155: file hello.c, line 8.
(gdb) r
Starting program: /import/linux/home1/yjun1/git-repos/cs220/labs/lab9/files/hello 
usage: /import/linux/home1/yjun1/git-repos/cs220/labs/lab9/files/hello NAME...
[Inferior 1 (process 942) exited with code 0357]
(gdb) gdb hello
Undefined command: "gdb".  Try "help".
(gdb) hello[K[K[K[K[Kb hello
Note: breakpoint 1 also set at pc 0x555555555155.
Breakpoint 2 at 0x555555555155: file hello.c, line 8.
(gdb) q
yjun1@g7-33:/import/linux/home1/yjun1/git-repos/cs220/labs/lab9/files$ gdb hello [A[C[C[C[C[C[C[C[C[C[C[C[C[C[C[C[C[C[C[C[C[C[C[C[C[C[C[C[C[C[C[C[C[C[C[C[C[C[C[C[C[C[C[C[C[C[C[C[C[C[C[C[C[C[C[C[C[C[C[C[C[C[C[C[C[C[C[C[C[C[C[C[C[C[C[C[C[C[C[C[Ko
GNU gdb (Debian 8.2.1-2) 8.2.1
Copyright (C) 2018 Free Software Foundation, Inc.
License GPLv3+: GNU GPL version 3 or later <http://gnu.org/licenses/gpl.html>
This is free software: you are free to change and redistribute it.
There is NO WARRANTY, to the extent permitted by law.
Type "show copying" and "show warranty" for details.
This GDB was configured as "x86_64-linux-gnu".
Type "show configuration" for configuration details.
For bug reporting instructions, please see:
<http://www.gnu.org/software/gdb/bugs/>.
Find the GDB manual and other documentation resources online at:
    <http://www.gnu.org/software/gdb/documentation/>.

For help, type "help".
Type "apropos word" to search for commands related to "word"...
Reading symbols from hello...done.
(gdb) b hello
Breakpoint 1 at 0x1155: file hello.c, line 8.
(gdb) r joe
Starting program: /import/linux/home1/yjun1/git-repos/cs220/labs/lab9/files/hello joe

Breakpoint 1, hello (out=0x7ffff7f92760 <_IO_2_1_stdout_>, 
    who=0x7fffffffeaa1 "joe") at hello.c:8
8	  fprintf(out, "hello %s\n", who);
(gdb) hwl[K[Kello()
Undefined command: "hello".  Try "help".
(gdb) ni
0x0000555555555159	8	  fprintf(out, "hello %s\n", who);
(gdb) ni
0x000055555555515d	8	  fprintf(out, "hello %s\n", who);
(gdb) ni
0x0000555555555164	8	  fprintf(out, "hello %s\n", who);
(gdb) ni
0x0000555555555167	8	  fprintf(out, "hello %s\n", who);
(gdb) ni
0x000055555555516c	8	  fprintf(out, "hello %s\n", who);
(gdb) ni
hello joe
9	}
(gdb) ni
0x0000555555555172	9	}
(gdb) q
A debugging session is active.

	Inferior 1 [process 1081] will be killed.

Quit anyway? (y or n) n[Ky
yjun1@g7-33:/import/linux/home1/yjun1/git-repos/cs220/labs/lab9/files$ gdb hello [A[C[C[C[C[C[C[C[C[C[C[C[C[C[C[C[C[C[C[C[C[C[C[C[C[C[C[C[C[C[C[C[C[C[C[C[C[C[C[C[C[C[C[C[C[C[C[C[C[C[C[C[C[C[C[C[C[C[C[C[C[C[C[C[C[C[C[C[C[C[C[C[C[C[C[C[C[C[C[C[Ko
GNU gdb (Debian 8.2.1-2) 8.2.1
Copyright (C) 2018 Free Software Foundation, Inc.
License GPLv3+: GNU GPL version 3 or later <http://gnu.org/licenses/gpl.html>
This is free software: you are free to change and redistribute it.
There is NO WARRANTY, to the extent permitted by law.
Type "show copying" and "show warranty" for details.
This GDB was configured as "x86_64-linux-gnu".
Type "show configuration" for configuration details.
For bug reporting instructions, please see:
<http://www.gnu.org/software/gdb/bugs/>.
Find the GDB manual and other documentation resources online at:
    <http://www.gnu.org/software/gdb/documentation/>.

For help, type "help".
Type "apropos word" to search for commands related to "word"...
Reading symbols from hello...done.
(gdb) b hello
Breakpoint 1 at 0x1155: file hello.c, line 8.
(gdb) r joe
Starting program: /import/linux/home1/yjun1/git-repos/cs220/labs/lab9/files/hello joe

Breakpoint 1, hello (out=0x7ffff7f92760 <_IO_2_1_stdout_>, 
    who=0x7fffffffeaa1 "joe") at hello.c:8
8	  fprintf(out, "hello %s\n", who);
(gdb) p * ([K[K[K[K[Kp who
$1 = 0x7fffffffeaa1 "joe"
(gdb)  *(const char ***)[1@p[C[C[C[C[C[C[C[C[C[C[C[C[C[C[C[C[C[C[K[K[K[K[K[K[K[K[K[K[K[K[K[K[K[K[K[K[Kdisas /m
Dump of assembler code for function hello:
7	{
   0x0000555555555145 <+0>:	push   %rbp
   0x0000555555555146 <+1>:	mov    %rsp,%rbp
   0x0000555555555149 <+4>:	sub    $0x10,%rsp
   0x000055555555514d <+8>:	mov    %rdi,-0x8(%rbp)
   0x0000555555555151 <+12>:	mov    %rsi,-0x10(%rbp)

8	  fprintf(out, "hello %s\n", who);
=> 0x0000555555555155 <+16>:	mov    -0x10(%rbp),%rdx
   0x0000555555555159 <+20>:	mov    -0x8(%rbp),%rax
   0x000055555555515d <+24>:	lea    0xea0(%rip),%rsi        # 0x555555556004
   0x0000555555555164 <+31>:	mov    %rax,%rdi
   0x0000555555555167 <+34>:	mov    $0x0,%eax
   0x000055555555516c <+39>:	callq  0x555555555030 <fprintf@plt>

9	}
   0x0000555555555171 <+44>:	nop
   0x0000555555555172 <+45>:	leaveq 
   0x0000555555555173 <+46>:	retq   

End of assembler dump.
(gdb) p-[K 8 (c[K[K[K[K* const [K[K[K[K[K[K9con[K[K[K[K(const char ***)(&[K$rbp - 10)[1P)6)
$2 = (const char **) 0x7fffffffeaa1
(gdb) [K(gdb) p * (const char ***)($rbp - 16)[1P[1@\[1P
$3 = 0x7fffffffeaa1 "joe"
(gdb) q
A debugging session is active.

	Inferior 1 [process 1336] will be killed.

Quit anyway? (y or n) y
yjun1@g7-33:/import/linux/home1/yjun1/git-repos/cs220/labs/lab9/files$ gdb hello
GNU gdb (Debian 8.2.1-2) 8.2.1
Copyright (C) 2018 Free Software Foundation, Inc.
License GPLv3+: GNU GPL version 3 or later <http://gnu.org/licenses/gpl.html>
This is free software: you are free to change and redistribute it.
There is NO WARRANTY, to the extent permitted by law.
Type "show copying" and "show warranty" for details.
This GDB was configured as "x86_64-linux-gnu".
Type "show configuration" for configuration details.
For bug reporting instructions, please see:
<http://www.gnu.org/software/gdb/bugs/>.
Find the GDB manual and other documentation resources online at:
    <http://www.gnu.org/software/gdb/documentation/>.

For help, type "help".
Type "apropos word" to search for commands related to "word"...
Reading symbols from hello...done.
(gdb) start joe
Temporary breakpoint 1 at 0x1183: file hello.c, line 16.
Starting program: /import/linux/home1/yjun1/git-repos/cs220/labs/lab9/files/hello joe

Temporary breakpoint 1, main (argc=2, argv=0x7fffffffe788) at hello.c:16
16	  if (argc == 1) {
(gdb) disas [Ksemble /.[Km
Dump of assembler code for function main:
15	{
   0x0000555555555174 <+0>:	push   %rbp
   0x0000555555555175 <+1>:	mov    %rsp,%rbp
   0x0000555555555178 <+4>:	sub    $0x20,%rsp
   0x000055555555517c <+8>:	mov    %edi,-0x14(%rbp)
   0x000055555555517f <+11>:	mov    %rsi,-0x20(%rbp)

16	  if (argc == 1) {
=> 0x0000555555555183 <+15>:	cmpl   $0x1,-0x14(%rbp)
   0x0000555555555187 <+19>:	jne    0x5555555551b5 <main+65>

17	    fprintf(stderr, "usage: %s NAME...\n", argv[0]);
   0x0000555555555189 <+21>:	mov    -0x20(%rbp),%rax
   0x000055555555518d <+25>:	mov    (%rax),%rdx
   0x0000555555555190 <+28>:	mov    0x2ec9(%rip),%rax        # 0x555555558060 <stderr@@GLIBC_2.2.5>
   0x0000555555555197 <+35>:	lea    0xe70(%rip),%rsi        # 0x55555555600e
   0x000055555555519e <+42>:	mov    %rax,%rdi
   0x00005555555551a1 <+45>:	mov    $0x0,%eax
   0x00005555555551a6 <+50>:	callq  0x555555555030 <fprintf@plt>

18	    exit(0xdeadbeef);
   0x00005555555551ab <+55>:	mov    $0xdeadbeef,%edi
   0x00005555555551b0 <+60>:	callq  0x555555555040 <exit@plt>

19	  }
20	  for (int i = 1; i < argc; i++) {
   0x00005555555551b5 <+65>:	movl   $0x1,-0x4(%rbp)
   0x00005555555551bc <+72>:	jmp    0x5555555551eb <main+119>
   0x00005555555551e7 <+115>:	addl   $0x1,-0x4(%rbp)
   0x00005555555551eb <+119>:	mov    -0x4(%rbp),%eax
   0x00005555555551ee <+122>:	cmp    -0x14(%rbp),%eax
   0x00005555555551f1 <+125>:	jl     0x5555555551be <main+74>

21	    hello(stdout, argv[i]);
   0x00005555555551be <+74>:	mov    -0x4(%rbp),%eax
   0x00005555555551c1 <+77>:	cltq   
   0x00005555555551c3 <+79>:	lea    0x0(,%rax,8),%rdx
   0x00005555555551cb <+87>:	mov    -0x20(%rbp),%rax
   0x00005555555551cf <+91>:	add    %rdx,%rax
   0x00005555555551d2 <+94>:	mov    (%rax),%rdx
   0x00005555555551d5 <+97>:	mov    0x2e64(%rip),%rax        # 0x555555558040 <stdout@@GLIBC_2.2.5>
   0x00005555555551dc <+104>:	mov    %rdx,%rsi
   0x00005555555551df <+107>:	mov    %rax,%rdi
   0x00005555555551e2 <+110>:	callq  0x555555555145 <hello>

--Type <RET> for more, q to quit, c to continue without paging--b main [K[K[K[K[K[K[Kb *Quit
(gdb) -b [K[K[Kb * 0x00005555555551ee
Breakpoint 2 at 0x5555555551ee: file hello.c, line 20.
(gdb) c
Continuing.

Breakpoint 2, 0x00005555555551ee in main (argc=2, argv=0x7fffffffe788) at hello.c:20
20	  for (int i = 1; i < argc; i++) {
(gdb) p i
$1 = 1
(gdb) c
Continuing.
hello joe

Breakpoint 2, 0x00005555555551ee in main (argc=2, argv=0x7fffffffe788) at hello.c:20
20	  for (int i = 1; i < argc; i++) {
(gdb) p i
$2 = 2
(gdb) set &[K$eax = #[K4[K2[K$eax - 1
(gdb) c
Continuing.
hello (null)

Breakpoint 2, 0x00005555555551ee in main (argc=2, argv=0x7fffffffe788) at hello.c:20
20	  for (int i = 1; i < argc; i++) {
(gdb) o u[K[K[Kp i
$3 = 3
(gdb) q
A debugging session is active.

	Inferior 1 [process 2013] will be killed.

Quit anyway? (y or n) y
yjun1@g7-33:/import/linux/home1/yjun1/git-repos/cs220/labs/lab9/files$ mv [K[K[Kexit

Script done on 2019-10-17 12:25:08-04:00 [COMMAND_EXIT_CODE="0"]
